Arguments: 
  /Users/ayabank/.nvm/versions/node/v14.17.0/bin/node /usr/local/Cellar/yarn/1.22.10/libexec/bin/yarn.js

PATH: 
  /Users/ayabank/.nvm/versions/node/v14.17.0/bin:/usr/local/bin:/usr/bin:/bin:/usr/sbin:/sbin:/Library/Apple/usr/bin:/Users/ayabank/.nvm/versions/node/v14.17.0/bin:/Users/ayabank/Library/Android/sdk/emulator:/Users/ayabank/Library/Android/sdk/tools:/Users/ayabank/Library/Android/sdk/tools/bin:/Users/ayabank/Library/Android/sdk/platform-tools:/Users/ayabank/Library/Android/sdk/emulator:/Users/ayabank/Library/Android/sdk/tools:/Users/ayabank/Library/Android/sdk/tools/bin:/Users/ayabank/Library/Android/sdk/platform-tools

Yarn version: 
  1.22.10

Node version: 
  14.17.0

Platform: 
  darwin x64

Trace: 
  Error: getaddrinfo ENOTFOUND registry.yarnpkg.com
      at GetAddrInfoReqWrap.onlookup [as oncomplete] (dns.js:67:26)

npm manifest: 
  {
    "name": "secure-real-time-multiplayer-game",
    "version": "1.0.0",
    "description": "Information Security 5: Secure Real-Time Multiplayer Game",
    "main": "server.js",
    "scripts": {
      "start": "nodemon server.js",
      "test": "PORT=3005 mocha --require @babel/register --recursive --exit --ui tdd tests/"
    },
    "dependencies": {
      "@babel/core": "^7.7.5",
      "@babel/preset-env": "^7.7.6",
      "@babel/register": "^7.7.4",
      "body-parser": "^1.19.0",
      "chai": "^4.2.0",
      "chai-http": "^4.3.0",
      "cors": "^2.8.5",
      "dotenv": "^8.2.0",
      "express": "^4.17.1",
      "helmet": "^3.21.3",
      "jsdom": "^16.2.0",
      "mocha": "^7.1.0",
      "nodemon": "^2.0.2",
      "socket.io": "^2.3.0",
      "socket.io-client": "^2.3.0"
    },
    "license": "MIT"
  }

yarn manifest: 
  No manifest

Lockfile: 
  No lockfile
